[debug] [2018-02-04T10:07:03.059Z] ----------------------------------------------------------------------
[debug] [2018-02-04T10:07:03.060Z] Command:       /usr/local/bin/node /usr/local/bin/firebase deploy
[debug] [2018-02-04T10:07:03.061Z] CLI Version:   3.17.3
[debug] [2018-02-04T10:07:03.061Z] Platform:      linux
[debug] [2018-02-04T10:07:03.061Z] Node Version:  v8.2.1
[debug] [2018-02-04T10:07:03.061Z] Time:          Sun Feb 04 2018 16:07:03 GMT+0600 (+06)
[debug] [2018-02-04T10:07:03.061Z] ----------------------------------------------------------------------
[debug] 
[debug] [2018-02-04T10:07:03.069Z] > command requires scopes: ["email","openid","https://www.googleapis.com/auth/cloudplatformprojects.readonly","https://www.googleapis.com/auth/firebase","https://www.googleapis.com/auth/cloud-platform"]
[debug] [2018-02-04T10:07:03.069Z] > authorizing via signed-in user
[debug] [2018-02-04T10:07:03.070Z] >>> HTTP REQUEST GET https://admin.firebase.com/v1/projects/livepoll-1567  
  
 Sun Feb 04 2018 16:07:03 GMT+0600 (+06)
[debug] [2018-02-04T10:07:04.413Z] <<< HTTP RESPONSE 200
[debug] [2018-02-04T10:07:04.414Z] >>> HTTP REQUEST GET https://admin.firebase.com/v1/database/livepoll-1567/tokens  
  
 Sun Feb 04 2018 16:07:04 GMT+0600 (+06)
[debug] [2018-02-04T10:07:05.867Z] <<< HTTP RESPONSE 200
[info] 
[info] === Deploying to 'livepoll-1567'...
[info] 
[info] i  deploying hosting
[info] i  hosting: preparing build directory for upload...
[debug] [2018-02-04T10:07:07.853Z] >>> HTTP REQUEST PUT https://deploy.firebase.com/v1/hosting/livepoll-1567/uploads/-L4VH8u4k_ODiDgvsV0Y?fileCount=15&message=  
  
 Sun Feb 04 2018 16:07:07 GMT+0600 (+06)
